[0.096s] DEBUG:colcon:Command line arguments: ['/usr/bin/colcon', 'build', '--symlink-install', '--cmake-args=-DCMAKE_BUILD_TYPE=Release']
[0.096s] DEBUG:colcon:Parsed command line arguments: Namespace(log_base=None, log_level=None, verb_name='build', build_base='build', install_base='install', merge_install=False, symlink_install=True, test_result_base=None, continue_on_error=False, executor='parallel', parallel_workers=16, event_handlers=None, ignore_user_meta=False, metas=['./colcon.meta'], base_paths=['.'], packages_ignore=None, packages_ignore_regex=None, paths=None, packages_up_to=None, packages_up_to_regex=None, packages_above=None, packages_above_and_dependencies=None, packages_above_depth=None, packages_select_by_dep=None, packages_skip_by_dep=None, packages_skip_up_to=None, packages_select_build_failed=False, packages_skip_build_finished=False, packages_select_test_failures=False, packages_skip_test_passed=False, packages_select=None, packages_skip=None, packages_select_regex=None, packages_skip_regex=None, packages_start=None, packages_end=None, allow_overriding=[], cmake_args=['-DCMAKE_BUILD_TYPE=Release'], cmake_target=None, cmake_target_skip_unavailable=False, cmake_clean_cache=False, cmake_clean_first=False, cmake_force_configure=False, ament_cmake_args=None, catkin_cmake_args=None, catkin_skip_building_tests=False, verb_parser=<colcon_defaults.argument_parser.defaults.DefaultArgumentsDecorator object at 0x7f9f10e89a80>, verb_extension=<colcon_core.verb.build.BuildVerb object at 0x7f9f10e83dc0>, main=<bound method BuildVerb.main of <colcon_core.verb.build.BuildVerb object at 0x7f9f10e83dc0>>)
[0.243s] Level 1:colcon.colcon_core.package_discovery:discover_packages(colcon_meta) check parameters
[0.243s] Level 1:colcon.colcon_core.package_discovery:discover_packages(recursive) check parameters
[0.243s] Level 1:colcon.colcon_core.package_discovery:discover_packages(ignore) check parameters
[0.243s] Level 1:colcon.colcon_core.package_discovery:discover_packages(path) check parameters
[0.243s] Level 1:colcon.colcon_core.package_discovery:discover_packages(colcon_meta) discover
[0.243s] Level 1:colcon.colcon_core.package_discovery:discover_packages(recursive) discover
[0.243s] INFO:colcon.colcon_core.package_discovery:Crawling recursively for packages in '/home/men3m/repo'
[0.243s] Level 1:colcon.colcon_core.package_identification:_identify(.) by extensions ['ignore', 'ignore_ament_install']
[0.243s] Level 1:colcon.colcon_core.package_identification:_identify(.) by extension 'ignore'
[0.243s] Level 1:colcon.colcon_core.package_identification:_identify(.) by extension 'ignore_ament_install'
[0.243s] Level 1:colcon.colcon_core.package_identification:_identify(.) by extensions ['colcon_pkg']
[0.243s] Level 1:colcon.colcon_core.package_identification:_identify(.) by extension 'colcon_pkg'
[0.243s] Level 1:colcon.colcon_core.package_identification:_identify(.) by extensions ['colcon_meta']
[0.243s] Level 1:colcon.colcon_core.package_identification:_identify(.) by extension 'colcon_meta'
[0.243s] Level 1:colcon.colcon_core.package_identification:_identify(.) by extensions ['ros']
[0.243s] Level 1:colcon.colcon_core.package_identification:_identify(.) by extension 'ros'
[0.266s] Level 1:colcon.colcon_core.package_identification:_identify(.) by extensions ['cmake', 'python']
[0.266s] Level 1:colcon.colcon_core.package_identification:_identify(.) by extension 'cmake'
[0.266s] Level 1:colcon.colcon_core.package_identification:_identify(.) by extension 'python'
[0.266s] Level 1:colcon.colcon_core.package_identification:_identify(.) by extensions ['python_setup_py']
[0.266s] Level 1:colcon.colcon_core.package_identification:_identify(.) by extension 'python_setup_py'
[0.266s] Level 1:colcon.colcon_core.package_identification:_identify(build) by extensions ['ignore', 'ignore_ament_install']
[0.266s] Level 1:colcon.colcon_core.package_identification:_identify(build) by extension 'ignore'
[0.266s] Level 1:colcon.colcon_core.package_identification:_identify(build) ignored
[0.266s] Level 1:colcon.colcon_core.package_identification:_identify(install) by extensions ['ignore', 'ignore_ament_install']
[0.267s] Level 1:colcon.colcon_core.package_identification:_identify(install) by extension 'ignore'
[0.267s] Level 1:colcon.colcon_core.package_identification:_identify(install) ignored
[0.267s] Level 1:colcon.colcon_core.package_identification:_identify(log) by extensions ['ignore', 'ignore_ament_install']
[0.267s] Level 1:colcon.colcon_core.package_identification:_identify(log) by extension 'ignore'
[0.267s] Level 1:colcon.colcon_core.package_identification:_identify(log) ignored
[0.267s] Level 1:colcon.colcon_core.package_identification:_identify(src) by extensions ['ignore', 'ignore_ament_install']
[0.267s] Level 1:colcon.colcon_core.package_identification:_identify(src) by extension 'ignore'
[0.267s] Level 1:colcon.colcon_core.package_identification:_identify(src) by extension 'ignore_ament_install'
[0.267s] Level 1:colcon.colcon_core.package_identification:_identify(src) by extensions ['colcon_pkg']
[0.267s] Level 1:colcon.colcon_core.package_identification:_identify(src) by extension 'colcon_pkg'
[0.267s] Level 1:colcon.colcon_core.package_identification:_identify(src) by extensions ['colcon_meta']
[0.267s] Level 1:colcon.colcon_core.package_identification:_identify(src) by extension 'colcon_meta'
[0.267s] Level 1:colcon.colcon_core.package_identification:_identify(src) by extensions ['ros']
[0.267s] Level 1:colcon.colcon_core.package_identification:_identify(src) by extension 'ros'
[0.267s] Level 1:colcon.colcon_core.package_identification:_identify(src) by extensions ['cmake', 'python']
[0.267s] Level 1:colcon.colcon_core.package_identification:_identify(src) by extension 'cmake'
[0.267s] Level 1:colcon.colcon_core.package_identification:_identify(src) by extension 'python'
[0.267s] Level 1:colcon.colcon_core.package_identification:_identify(src) by extensions ['python_setup_py']
[0.267s] Level 1:colcon.colcon_core.package_identification:_identify(src) by extension 'python_setup_py'
[0.267s] Level 1:colcon.colcon_core.package_identification:_identify(src/myrobot) by extensions ['ignore', 'ignore_ament_install']
[0.267s] Level 1:colcon.colcon_core.package_identification:_identify(src/myrobot) by extension 'ignore'
[0.267s] Level 1:colcon.colcon_core.package_identification:_identify(src/myrobot) by extension 'ignore_ament_install'
[0.267s] Level 1:colcon.colcon_core.package_identification:_identify(src/myrobot) by extensions ['colcon_pkg']
[0.268s] Level 1:colcon.colcon_core.package_identification:_identify(src/myrobot) by extension 'colcon_pkg'
[0.268s] Level 1:colcon.colcon_core.package_identification:_identify(src/myrobot) by extensions ['colcon_meta']
[0.268s] Level 1:colcon.colcon_core.package_identification:_identify(src/myrobot) by extension 'colcon_meta'
[0.268s] Level 1:colcon.colcon_core.package_identification:_identify(src/myrobot) by extensions ['ros']
[0.268s] Level 1:colcon.colcon_core.package_identification:_identify(src/myrobot) by extension 'ros'
[0.270s] DEBUG:colcon.colcon_core.package_identification:Package 'src/myrobot' with type 'ros.ament_python' and name 'myrobot'
[0.270s] Level 1:colcon.colcon_core.package_discovery:discover_packages(recursive) using defaults
[0.270s] Level 1:colcon.colcon_core.package_discovery:discover_packages(ignore) discover
[0.270s] Level 1:colcon.colcon_core.package_discovery:discover_packages(ignore) using defaults
[0.270s] Level 1:colcon.colcon_core.package_discovery:discover_packages(path) discover
[0.270s] Level 1:colcon.colcon_core.package_discovery:discover_packages(path) using defaults
[0.286s] Level 1:colcon.colcon_core.package_discovery:discover_packages(prefix_path) check parameters
[0.286s] Level 1:colcon.colcon_core.package_discovery:discover_packages(prefix_path) discover
[0.288s] DEBUG:colcon.colcon_installed_package_information.package_discovery:Found 2 installed packages in /home/men3m/repo/install
[0.289s] DEBUG:colcon.colcon_installed_package_information.package_discovery:Found 429 installed packages in /opt/ros/humble
[0.291s] Level 1:colcon.colcon_core.package_discovery:discover_packages(prefix_path) using defaults
[0.330s] Level 5:colcon.colcon_core.verb:set package 'myrobot' build argument 'cmake_args' from command line to '['-DCMAKE_BUILD_TYPE=Release']'
[0.330s] Level 5:colcon.colcon_core.verb:set package 'myrobot' build argument 'cmake_target' from command line to 'None'
[0.330s] Level 5:colcon.colcon_core.verb:set package 'myrobot' build argument 'cmake_target_skip_unavailable' from command line to 'False'
[0.330s] Level 5:colcon.colcon_core.verb:set package 'myrobot' build argument 'cmake_clean_cache' from command line to 'False'
[0.330s] Level 5:colcon.colcon_core.verb:set package 'myrobot' build argument 'cmake_clean_first' from command line to 'False'
[0.330s] Level 5:colcon.colcon_core.verb:set package 'myrobot' build argument 'cmake_force_configure' from command line to 'False'
[0.330s] Level 5:colcon.colcon_core.verb:set package 'myrobot' build argument 'ament_cmake_args' from command line to 'None'
[0.330s] Level 5:colcon.colcon_core.verb:set package 'myrobot' build argument 'catkin_cmake_args' from command line to 'None'
[0.330s] Level 5:colcon.colcon_core.verb:set package 'myrobot' build argument 'catkin_skip_building_tests' from command line to 'False'
[0.330s] DEBUG:colcon.colcon_core.verb:Building package 'myrobot' with the following arguments: {'ament_cmake_args': None, 'build_base': '/home/men3m/repo/build/myrobot', 'catkin_cmake_args': None, 'catkin_skip_building_tests': False, 'cmake_args': ['-DCMAKE_BUILD_TYPE=Release'], 'cmake_clean_cache': False, 'cmake_clean_first': False, 'cmake_force_configure': False, 'cmake_target': None, 'cmake_target_skip_unavailable': False, 'install_base': '/home/men3m/repo/install/myrobot', 'merge_install': False, 'path': '/home/men3m/repo/src/myrobot', 'symlink_install': True, 'test_result_base': None}
[0.330s] INFO:colcon.colcon_core.executor:Executing jobs using 'parallel' executor
[0.331s] DEBUG:colcon.colcon_parallel_executor.executor.parallel:run_until_complete
[0.331s] INFO:colcon.colcon_ros.task.ament_python.build:Building ROS package in '/home/men3m/repo/src/myrobot' with build type 'ament_python'
[0.332s] Level 1:colcon.colcon_core.shell:create_environment_hook('myrobot', 'ament_prefix_path')
[0.334s] INFO:colcon.colcon_core.plugin_system:Skipping extension 'colcon_core.shell.bat': Not used on non-Windows systems
[0.334s] INFO:colcon.colcon_core.shell:Creating environment hook '/home/men3m/repo/install/myrobot/share/myrobot/hook/ament_prefix_path.ps1'
[0.335s] INFO:colcon.colcon_core.shell:Creating environment descriptor '/home/men3m/repo/install/myrobot/share/myrobot/hook/ament_prefix_path.dsv'
[0.335s] INFO:colcon.colcon_core.shell:Creating environment hook '/home/men3m/repo/install/myrobot/share/myrobot/hook/ament_prefix_path.sh'
[0.335s] INFO:colcon.colcon_core.shell:Skip shell extension 'powershell' for command environment: Not usable outside of PowerShell
[0.335s] DEBUG:colcon.colcon_core.shell:Skip shell extension 'dsv' for command environment
[0.338s] DEBUG:colcon.colcon_core.shell:Ignoring prefix path '/home/men3m/catkin_ws/devel'
[0.588s] INFO:colcon.colcon_core.task.python.build:Building Python package in '/home/men3m/repo/src/myrobot'
[0.588s] INFO:colcon.colcon_core.shell:Skip shell extension 'powershell' for command environment: Not usable outside of PowerShell
[0.588s] DEBUG:colcon.colcon_core.shell:Skip shell extension 'dsv' for command environment
[0.591s] DEBUG:colcon.colcon_core.shell:Ignoring prefix path '/home/men3m/catkin_ws/devel'
[0.974s] DEBUG:colcon.colcon_core.task.python.build:While undoing a previous installation files outside the Python library path are being ignored: /home/men3m/repo/install/myrobot/share/ament_index/resource_index/packages/myrobot
[0.974s] DEBUG:colcon.colcon_core.task.python.build:While undoing a previous installation files outside the Python library path are being ignored: /home/men3m/repo/install/myrobot/share/myrobot/package.xml
[0.974s] DEBUG:colcon.colcon_core.task.python.build:While undoing a previous installation files outside the Python library path are being ignored: /home/men3m/repo/install/myrobot/share/myrobot/gz_simulator_launch.py
[0.974s] DEBUG:colcon.colcon_core.task.python.build:While undoing a previous installation files outside the Python library path are being ignored: /home/men3m/repo/install/myrobot/share/myrobot/launch.py
[0.974s] DEBUG:colcon.colcon_core.task.python.build:While undoing a previous installation files outside the Python library path are being ignored: /home/men3m/repo/install/myrobot/share/myrobot/urdf/Assem1.urdf
[0.974s] DEBUG:colcon.colcon_core.task.python.build:While undoing a previous installation files outside the Python library path are being ignored: /home/men3m/repo/install/myrobot/share/myrobot/urdf/robot.sdf
[0.974s] DEBUG:colcon.colcon_core.task.python.build:While undoing a previous installation files outside the Python library path are being ignored: /home/men3m/repo/install/myrobot/share/myrobot/world/depot.sdf
[0.974s] DEBUG:colcon.colcon_core.task.python.build:While undoing a previous installation files outside the Python library path are being ignored: /home/men3m/repo/install/myrobot/share/myrobot/rviz/
[0.974s] DEBUG:colcon.colcon_core.task.python.build:While undoing a previous installation files outside the Python library path are being ignored: /home/men3m/repo/install/myrobot/share/myrobot/meshes/collision/lider.STL
[0.974s] DEBUG:colcon.colcon_core.task.python.build:While undoing a previous installation files outside the Python library path are being ignored: /home/men3m/repo/install/myrobot/share/myrobot/meshes/collision/tire4.STL
[0.974s] DEBUG:colcon.colcon_core.task.python.build:While undoing a previous installation files outside the Python library path are being ignored: /home/men3m/repo/install/myrobot/share/myrobot/meshes/collision/base_link.STL
[0.974s] DEBUG:colcon.colcon_core.task.python.build:While undoing a previous installation files outside the Python library path are being ignored: /home/men3m/repo/install/myrobot/share/myrobot/meshes/collision/tire3.STL
[0.974s] DEBUG:colcon.colcon_core.task.python.build:While undoing a previous installation files outside the Python library path are being ignored: /home/men3m/repo/install/myrobot/share/myrobot/meshes/collision/tire2.STL
[0.974s] DEBUG:colcon.colcon_core.task.python.build:While undoing a previous installation files outside the Python library path are being ignored: /home/men3m/repo/install/myrobot/share/myrobot/meshes/collision/camera.STL
[0.974s] DEBUG:colcon.colcon_core.task.python.build:While undoing a previous installation files outside the Python library path are being ignored: /home/men3m/repo/install/myrobot/share/myrobot/meshes/collision/tire1.STL
[0.974s] DEBUG:colcon.colcon_core.task.python.build:While undoing a previous installation files outside the Python library path are being ignored: /home/men3m/repo/install/myrobot/share/myrobot/meshes/visual/lider.STL
[0.974s] DEBUG:colcon.colcon_core.task.python.build:While undoing a previous installation files outside the Python library path are being ignored: /home/men3m/repo/install/myrobot/share/myrobot/meshes/visual/tire4.STL
[0.974s] DEBUG:colcon.colcon_core.task.python.build:While undoing a previous installation files outside the Python library path are being ignored: /home/men3m/repo/install/myrobot/share/myrobot/meshes/visual/base_link.STL
[0.974s] DEBUG:colcon.colcon_core.task.python.build:While undoing a previous installation files outside the Python library path are being ignored: /home/men3m/repo/install/myrobot/share/myrobot/meshes/visual/tire3.STL
[0.974s] DEBUG:colcon.colcon_core.task.python.build:While undoing a previous installation files outside the Python library path are being ignored: /home/men3m/repo/install/myrobot/share/myrobot/meshes/visual/tire2.STL
[0.974s] DEBUG:colcon.colcon_core.task.python.build:While undoing a previous installation files outside the Python library path are being ignored: /home/men3m/repo/install/myrobot/share/myrobot/meshes/visual/camera.STL
[0.974s] DEBUG:colcon.colcon_core.task.python.build:While undoing a previous installation files outside the Python library path are being ignored: /home/men3m/repo/install/myrobot/share/myrobot/meshes/visual/tire1.STL
[0.974s] DEBUG:colcon.colcon_core.task.python.build:While undoing a previous installation files outside the Python library path are being ignored: /home/men3m/repo/install/myrobot/share/myrobot/config/gz_bridge.yaml
[0.978s] DEBUG:colcon.colcon_core.event_handler.log_command:Invoking command in '/home/men3m/repo/build/myrobot': PYTHONPATH=/home/men3m/repo/build/myrobot/prefix_override:/usr/lib/python3/dist-packages/colcon_core/task/python/colcon_distutils_commands:/home/men3m/repo/install/myrobot/lib/python3.10/site-packages:${PYTHONPATH} /usr/bin/python3 -W ignore:setup.py install is deprecated -W ignore:easy_install command is deprecated setup.py develop --editable --build-directory /home/men3m/repo/build/myrobot/build --no-deps symlink_data --force
[1.462s] Level 1:colcon.colcon_core.shell:create_environment_hook('myrobot', 'pythonpath_develop')
[1.462s] INFO:colcon.colcon_core.shell:Creating environment hook '/home/men3m/repo/build/myrobot/share/myrobot/hook/pythonpath_develop.ps1'
[1.463s] DEBUG:colcon.colcon_core.event_handler.log_command:Invoked command in '/home/men3m/repo/build/myrobot' returned '0': PYTHONPATH=/home/men3m/repo/build/myrobot/prefix_override:/usr/lib/python3/dist-packages/colcon_core/task/python/colcon_distutils_commands:/home/men3m/repo/install/myrobot/lib/python3.10/site-packages:${PYTHONPATH} /usr/bin/python3 -W ignore:setup.py install is deprecated -W ignore:easy_install command is deprecated setup.py develop --editable --build-directory /home/men3m/repo/build/myrobot/build --no-deps symlink_data --force
[1.464s] INFO:colcon.colcon_core.shell:Creating environment descriptor '/home/men3m/repo/build/myrobot/share/myrobot/hook/pythonpath_develop.dsv'
[1.465s] INFO:colcon.colcon_core.shell:Creating environment hook '/home/men3m/repo/build/myrobot/share/myrobot/hook/pythonpath_develop.sh'
[1.468s] Level 1:colcon.colcon_core.environment:checking '/home/men3m/repo/install/myrobot' for CMake module files
[1.468s] Level 1:colcon.colcon_core.environment:checking '/home/men3m/repo/install/myrobot' for CMake config files
[1.469s] Level 1:colcon.colcon_core.environment:checking '/home/men3m/repo/install/myrobot/lib'
[1.469s] Level 1:colcon.colcon_core.environment:checking '/home/men3m/repo/install/myrobot/bin'
[1.469s] Level 1:colcon.colcon_core.environment:checking '/home/men3m/repo/install/myrobot/lib/pkgconfig/myrobot.pc'
[1.470s] Level 1:colcon.colcon_core.environment:checking '/home/men3m/repo/install/myrobot/lib/python3.10/site-packages'
[1.470s] Level 1:colcon.colcon_core.shell:create_environment_hook('myrobot', 'pythonpath')
[1.470s] INFO:colcon.colcon_core.shell:Creating environment hook '/home/men3m/repo/install/myrobot/share/myrobot/hook/pythonpath.ps1'
[1.470s] INFO:colcon.colcon_core.shell:Creating environment descriptor '/home/men3m/repo/install/myrobot/share/myrobot/hook/pythonpath.dsv'
[1.470s] INFO:colcon.colcon_core.shell:Creating environment hook '/home/men3m/repo/install/myrobot/share/myrobot/hook/pythonpath.sh'
[1.471s] Level 1:colcon.colcon_core.environment:checking '/home/men3m/repo/install/myrobot/bin'
[1.471s] Level 1:colcon.colcon_core.environment:create_environment_scripts_only(myrobot)
[1.471s] INFO:colcon.colcon_core.shell:Creating package script '/home/men3m/repo/install/myrobot/share/myrobot/package.ps1'
[1.472s] INFO:colcon.colcon_core.shell:Creating package descriptor '/home/men3m/repo/install/myrobot/share/myrobot/package.dsv'
[1.472s] INFO:colcon.colcon_core.shell:Creating package script '/home/men3m/repo/install/myrobot/share/myrobot/package.sh'
[1.473s] INFO:colcon.colcon_core.shell:Creating package script '/home/men3m/repo/install/myrobot/share/myrobot/package.bash'
[1.473s] INFO:colcon.colcon_core.shell:Creating package script '/home/men3m/repo/install/myrobot/share/myrobot/package.zsh'
[1.474s] Level 1:colcon.colcon_core.environment:create_file_with_runtime_dependencies(/home/men3m/repo/install/myrobot/share/colcon-core/packages/myrobot)
[1.474s] DEBUG:colcon.colcon_parallel_executor.executor.parallel:closing loop
[1.474s] DEBUG:colcon.colcon_parallel_executor.executor.parallel:loop closed
[1.474s] DEBUG:colcon.colcon_parallel_executor.executor.parallel:run_until_complete finished with '0'
[1.474s] DEBUG:colcon.colcon_core.event_reactor:joining thread
[1.491s] INFO:colcon.colcon_core.plugin_system:Skipping extension 'colcon_notification.desktop_notification.terminal_notifier': Not used on non-Darwin systems
[1.491s] INFO:colcon.colcon_core.plugin_system:Skipping extension 'colcon_notification.desktop_notification.win32': Not used on non-Windows systems
[1.491s] INFO:colcon.colcon_notification.desktop_notification:Sending desktop notification using 'notify2'
[1.508s] DEBUG:colcon.colcon_core.event_reactor:joined thread
[1.509s] INFO:colcon.colcon_core.shell:Creating prefix script '/home/men3m/repo/install/local_setup.ps1'
[1.510s] INFO:colcon.colcon_core.shell:Creating prefix util module '/home/men3m/repo/install/_local_setup_util_ps1.py'
[1.511s] INFO:colcon.colcon_core.shell:Creating prefix chain script '/home/men3m/repo/install/setup.ps1'
[1.512s] INFO:colcon.colcon_core.shell:Creating prefix script '/home/men3m/repo/install/local_setup.sh'
[1.513s] INFO:colcon.colcon_core.shell:Creating prefix util module '/home/men3m/repo/install/_local_setup_util_sh.py'
[1.513s] INFO:colcon.colcon_core.shell:Creating prefix chain script '/home/men3m/repo/install/setup.sh'
[1.514s] INFO:colcon.colcon_core.shell:Creating prefix script '/home/men3m/repo/install/local_setup.bash'
[1.514s] INFO:colcon.colcon_core.shell:Creating prefix chain script '/home/men3m/repo/install/setup.bash'
[1.515s] INFO:colcon.colcon_core.shell:Creating prefix script '/home/men3m/repo/install/local_setup.zsh'
[1.515s] INFO:colcon.colcon_core.shell:Creating prefix chain script '/home/men3m/repo/install/setup.zsh'
