running egg_info
creating ../../build/robot/robot.egg-info
writing ../../build/robot/robot.egg-info/PKG-INFO
writing dependency_links to ../../build/robot/robot.egg-info/dependency_links.txt
writing entry points to ../../build/robot/robot.egg-info/entry_points.txt
writing requirements to ../../build/robot/robot.egg-info/requires.txt
writing top-level names to ../../build/robot/robot.egg-info/top_level.txt
writing manifest file '../../build/robot/robot.egg-info/SOURCES.txt'
reading manifest file '../../build/robot/robot.egg-info/SOURCES.txt'
writing manifest file '../../build/robot/robot.egg-info/SOURCES.txt'
running build
running build_py
creating /home/wageh/repo/build/robot/build
creating /home/wageh/repo/build/robot/build/lib
creating /home/wageh/repo/build/robot/build/lib/robot
copying robot/__init__.py -> /home/wageh/repo/build/robot/build/lib/robot
running install
running install_lib
creating /home/wageh/repo/install/robot/lib/python3.10/site-packages/robot
copying /home/wageh/repo/build/robot/build/lib/robot/__init__.py -> /home/wageh/repo/install/robot/lib/python3.10/site-packages/robot
byte-compiling /home/wageh/repo/install/robot/lib/python3.10/site-packages/robot/__init__.py to __init__.cpython-310.pyc
running install_data
creating /home/wageh/repo/install/robot/share/ament_index
creating /home/wageh/repo/install/robot/share/ament_index/resource_index
creating /home/wageh/repo/install/robot/share/ament_index/resource_index/packages
copying resource/robot -> /home/wageh/repo/install/robot/share/ament_index/resource_index/packages
copying package.xml -> /home/wageh/repo/install/robot/share/robot
running install_egg_info
Copying ../../build/robot/robot.egg-info to /home/wageh/repo/install/robot/lib/python3.10/site-packages/robot-0.0.0-py3.10.egg-info
running install_scripts
writing list of installed files to '/home/wageh/repo/build/robot/install.log'
