running develop
running egg_info
writing myrobot.egg-info/PKG-INFO
writing dependency_links to myrobot.egg-info/dependency_links.txt
writing entry points to myrobot.egg-info/entry_points.txt
writing requirements to myrobot.egg-info/requires.txt
writing top-level names to myrobot.egg-info/top_level.txt
reading manifest file 'myrobot.egg-info/SOURCES.txt'
writing manifest file 'myrobot.egg-info/SOURCES.txt'
running build_ext
Creating /home/men3m/repo/install/myrobot/lib/python3.10/site-packages/myrobot.egg-link (link to .)

Installed /home/men3m/repo/build/myrobot
running symlink_data
symbolically linking /home/men3m/repo/build/myrobot/resource/myrobot -> /home/men3m/repo/install/myrobot/share/ament_index/resource_index/packages
symbolically linking /home/men3m/repo/build/myrobot/package.xml -> /home/men3m/repo/install/myrobot/share/myrobot
symbolically linking /home/men3m/repo/build/myrobot/launch/gz_simulator_launch.py -> /home/men3m/repo/install/myrobot/share/myrobot
symbolically linking /home/men3m/repo/build/myrobot/launch/launch.py -> /home/men3m/repo/install/myrobot/share/myrobot
symbolically linking /home/men3m/repo/build/myrobot/urdf/Assem1.urdf -> /home/men3m/repo/install/myrobot/share/myrobot/urdf/
symbolically linking /home/men3m/repo/build/myrobot/urdf/robot.sdf -> /home/men3m/repo/install/myrobot/share/myrobot/urdf/
symbolically linking /home/men3m/repo/build/myrobot/world/depot.sdf -> /home/men3m/repo/install/myrobot/share/myrobot/world/
symbolically linking /home/men3m/repo/build/myrobot/meshes/collision/lider.STL -> /home/men3m/repo/install/myrobot/share/myrobot/meshes/collision/
symbolically linking /home/men3m/repo/build/myrobot/meshes/collision/tire4.STL -> /home/men3m/repo/install/myrobot/share/myrobot/meshes/collision/
symbolically linking /home/men3m/repo/build/myrobot/meshes/collision/base_link.STL -> /home/men3m/repo/install/myrobot/share/myrobot/meshes/collision/
symbolically linking /home/men3m/repo/build/myrobot/meshes/collision/tire3.STL -> /home/men3m/repo/install/myrobot/share/myrobot/meshes/collision/
symbolically linking /home/men3m/repo/build/myrobot/meshes/collision/tire2.STL -> /home/men3m/repo/install/myrobot/share/myrobot/meshes/collision/
symbolically linking /home/men3m/repo/build/myrobot/meshes/collision/camera.STL -> /home/men3m/repo/install/myrobot/share/myrobot/meshes/collision/
symbolically linking /home/men3m/repo/build/myrobot/meshes/collision/tire1.STL -> /home/men3m/repo/install/myrobot/share/myrobot/meshes/collision/
symbolically linking /home/men3m/repo/build/myrobot/meshes/visual/lider.STL -> /home/men3m/repo/install/myrobot/share/myrobot/meshes/visual/
symbolically linking /home/men3m/repo/build/myrobot/meshes/visual/tire4.STL -> /home/men3m/repo/install/myrobot/share/myrobot/meshes/visual/
symbolically linking /home/men3m/repo/build/myrobot/meshes/visual/base_link.STL -> /home/men3m/repo/install/myrobot/share/myrobot/meshes/visual/
symbolically linking /home/men3m/repo/build/myrobot/meshes/visual/tire3.STL -> /home/men3m/repo/install/myrobot/share/myrobot/meshes/visual/
symbolically linking /home/men3m/repo/build/myrobot/meshes/visual/tire2.STL -> /home/men3m/repo/install/myrobot/share/myrobot/meshes/visual/
symbolically linking /home/men3m/repo/build/myrobot/meshes/visual/camera.STL -> /home/men3m/repo/install/myrobot/share/myrobot/meshes/visual/
symbolically linking /home/men3m/repo/build/myrobot/meshes/visual/tire1.STL -> /home/men3m/repo/install/myrobot/share/myrobot/meshes/visual/
symbolically linking /home/men3m/repo/build/myrobot/config/gz_bridge.yaml -> /home/men3m/repo/install/myrobot/share/myrobot/config/
