running egg_info
writing ../../build/myrobot/myrobot.egg-info/PKG-INFO
writing dependency_links to ../../build/myrobot/myrobot.egg-info/dependency_links.txt
writing entry points to ../../build/myrobot/myrobot.egg-info/entry_points.txt
writing requirements to ../../build/myrobot/myrobot.egg-info/requires.txt
writing top-level names to ../../build/myrobot/myrobot.egg-info/top_level.txt
reading manifest file '../../build/myrobot/myrobot.egg-info/SOURCES.txt'
writing manifest file '../../build/myrobot/myrobot.egg-info/SOURCES.txt'
running build
running build_py
running install
running install_lib
running install_data
copying launch/gz_simulator_launch.py -> /home/men3m/repo/install/myrobot/share/myrobot
copying launch/launch.py -> /home/men3m/repo/install/myrobot/share/myrobot
creating /home/men3m/repo/install/myrobot/share/myrobot/urdf
copying urdf/Assem1.urdf -> /home/men3m/repo/install/myrobot/share/myrobot/urdf/
copying urdf/robot.sdf -> /home/men3m/repo/install/myrobot/share/myrobot/urdf/
creating /home/men3m/repo/install/myrobot/share/myrobot/world
copying world/depot.sdf -> /home/men3m/repo/install/myrobot/share/myrobot/world/
creating /home/men3m/repo/install/myrobot/share/myrobot/rviz
creating /home/men3m/repo/install/myrobot/share/myrobot/meshes
creating /home/men3m/repo/install/myrobot/share/myrobot/meshes/collision
copying meshes/collision/lider.STL -> /home/men3m/repo/install/myrobot/share/myrobot/meshes/collision/
copying meshes/collision/tire4.STL -> /home/men3m/repo/install/myrobot/share/myrobot/meshes/collision/
copying meshes/collision/base_link.STL -> /home/men3m/repo/install/myrobot/share/myrobot/meshes/collision/
copying meshes/collision/tire3.STL -> /home/men3m/repo/install/myrobot/share/myrobot/meshes/collision/
copying meshes/collision/tire2.STL -> /home/men3m/repo/install/myrobot/share/myrobot/meshes/collision/
copying meshes/collision/camera.STL -> /home/men3m/repo/install/myrobot/share/myrobot/meshes/collision/
copying meshes/collision/tire1.STL -> /home/men3m/repo/install/myrobot/share/myrobot/meshes/collision/
creating /home/men3m/repo/install/myrobot/share/myrobot/meshes/visual
copying meshes/visual/lider.STL -> /home/men3m/repo/install/myrobot/share/myrobot/meshes/visual/
copying meshes/visual/tire4.STL -> /home/men3m/repo/install/myrobot/share/myrobot/meshes/visual/
copying meshes/visual/base_link.STL -> /home/men3m/repo/install/myrobot/share/myrobot/meshes/visual/
copying meshes/visual/tire3.STL -> /home/men3m/repo/install/myrobot/share/myrobot/meshes/visual/
copying meshes/visual/tire2.STL -> /home/men3m/repo/install/myrobot/share/myrobot/meshes/visual/
copying meshes/visual/camera.STL -> /home/men3m/repo/install/myrobot/share/myrobot/meshes/visual/
copying meshes/visual/tire1.STL -> /home/men3m/repo/install/myrobot/share/myrobot/meshes/visual/
creating /home/men3m/repo/install/myrobot/share/myrobot/config
copying config/gz_bridge.yaml -> /home/men3m/repo/install/myrobot/share/myrobot/config/
running install_egg_info
removing '/home/men3m/repo/install/myrobot/lib/python3.10/site-packages/myrobot-0.0.0-py3.10.egg-info' (and everything under it)
Copying ../../build/myrobot/myrobot.egg-info to /home/men3m/repo/install/myrobot/lib/python3.10/site-packages/myrobot-0.0.0-py3.10.egg-info
running install_scripts
writing list of installed files to '/home/men3m/repo/build/myrobot/install.log'
