[0.570s] Invoking command in '/home/men3m/repo/src/myrobot': PYTHONPATH=/home/men3m/repo/build/myrobot/prefix_override:/usr/lib/python3/dist-packages/colcon_core/task/python/colcon_distutils_commands:/home/men3m/repo/install/myrobot/lib/python3.10/site-packages:${PYTHONPATH} /usr/bin/python3 -W ignore:setup.py install is deprecated -W ignore:easy_install command is deprecated setup.py egg_info --egg-base ../../build/myrobot build --build-base /home/men3m/repo/build/myrobot/build install --record /home/men3m/repo/build/myrobot/install.log --single-version-externally-managed install_data
[0.795s] running egg_info
[0.795s] writing ../../build/myrobot/myrobot.egg-info/PKG-INFO
[0.796s] writing dependency_links to ../../build/myrobot/myrobot.egg-info/dependency_links.txt
[0.796s] writing entry points to ../../build/myrobot/myrobot.egg-info/entry_points.txt
[0.796s] writing requirements to ../../build/myrobot/myrobot.egg-info/requires.txt
[0.796s] writing top-level names to ../../build/myrobot/myrobot.egg-info/top_level.txt
[0.797s] reading manifest file '../../build/myrobot/myrobot.egg-info/SOURCES.txt'
[0.798s] writing manifest file '../../build/myrobot/myrobot.egg-info/SOURCES.txt'
[0.798s] running build
[0.798s] running build_py
[0.798s] running install
[0.798s] running install_lib
[0.799s] running install_data
[0.799s] copying urdf/Assem1.urdf -> /home/men3m/repo/install/myrobot/share/myrobot/urdf/
[0.800s] running install_egg_info
[0.801s] removing '/home/men3m/repo/install/myrobot/lib/python3.10/site-packages/myrobot-0.0.0-py3.10.egg-info' (and everything under it)
[0.801s] Copying ../../build/myrobot/myrobot.egg-info to /home/men3m/repo/install/myrobot/lib/python3.10/site-packages/myrobot-0.0.0-py3.10.egg-info
[0.802s] running install_scripts
[0.817s] writing list of installed files to '/home/men3m/repo/build/myrobot/install.log'
[0.835s] Invoked command in '/home/men3m/repo/src/myrobot' returned '0': PYTHONPATH=/home/men3m/repo/build/myrobot/prefix_override:/usr/lib/python3/dist-packages/colcon_core/task/python/colcon_distutils_commands:/home/men3m/repo/install/myrobot/lib/python3.10/site-packages:${PYTHONPATH} /usr/bin/python3 -W ignore:setup.py install is deprecated -W ignore:easy_install command is deprecated setup.py egg_info --egg-base ../../build/myrobot build --build-base /home/men3m/repo/build/myrobot/build install --record /home/men3m/repo/build/myrobot/install.log --single-version-externally-managed install_data
