[0.621s] Invoking command in '/home/men3m/repo/build/myrobot': PYTHONPATH=/home/men3m/repo/build/myrobot/prefix_override:/usr/lib/python3/dist-packages/colcon_core/task/python/colcon_distutils_commands:/home/men3m/repo/install/myrobot/lib/python3.10/site-packages:${PYTHONPATH} /usr/bin/python3 -W ignore:setup.py install is deprecated -W ignore:easy_install command is deprecated setup.py develop --uninstall --editable --build-directory /home/men3m/repo/build/myrobot/build
[0.863s] running develop
[1.022s] Removing /home/men3m/repo/install/myrobot/lib/python3.10/site-packages/myrobot.egg-link (link to .)
[1.056s] Invoked command in '/home/men3m/repo/build/myrobot' returned '0': PYTHONPATH=/home/men3m/repo/build/myrobot/prefix_override:/usr/lib/python3/dist-packages/colcon_core/task/python/colcon_distutils_commands:/home/men3m/repo/install/myrobot/lib/python3.10/site-packages:${PYTHONPATH} /usr/bin/python3 -W ignore:setup.py install is deprecated -W ignore:easy_install command is deprecated setup.py develop --uninstall --editable --build-directory /home/men3m/repo/build/myrobot/build
[1.059s] Invoking command in '/home/men3m/repo/src/myrobot': PYTHONPATH=/home/men3m/repo/build/myrobot/prefix_override:/usr/lib/python3/dist-packages/colcon_core/task/python/colcon_distutils_commands:/home/men3m/repo/install/myrobot/lib/python3.10/site-packages:${PYTHONPATH} /usr/bin/python3 -W ignore:setup.py install is deprecated -W ignore:easy_install command is deprecated setup.py egg_info --egg-base ../../build/myrobot build --build-base /home/men3m/repo/build/myrobot/build install --record /home/men3m/repo/build/myrobot/install.log --single-version-externally-managed install_data --force
[1.287s] running egg_info
[1.287s] writing ../../build/myrobot/myrobot.egg-info/PKG-INFO
[1.288s] writing dependency_links to ../../build/myrobot/myrobot.egg-info/dependency_links.txt
[1.288s] writing entry points to ../../build/myrobot/myrobot.egg-info/entry_points.txt
[1.288s] writing requirements to ../../build/myrobot/myrobot.egg-info/requires.txt
[1.288s] writing top-level names to ../../build/myrobot/myrobot.egg-info/top_level.txt
[1.289s] reading manifest file '../../build/myrobot/myrobot.egg-info/SOURCES.txt'
[1.290s] writing manifest file '../../build/myrobot/myrobot.egg-info/SOURCES.txt'
[1.290s] running build
[1.290s] running build_py
[1.290s] running install
[1.290s] running install_lib
[1.291s] creating /home/men3m/repo/install/myrobot/lib/python3.10/site-packages/myrobot
[1.291s] copying /home/men3m/repo/build/myrobot/build/lib/myrobot/__init__.py -> /home/men3m/repo/install/myrobot/lib/python3.10/site-packages/myrobot
[1.291s] byte-compiling /home/men3m/repo/install/myrobot/lib/python3.10/site-packages/myrobot/__init__.py to __init__.cpython-310.pyc
[1.291s] running install_data
[1.292s] copying resource/myrobot -> /home/men3m/repo/install/myrobot/share/ament_index/resource_index/packages
[1.292s] copying package.xml -> /home/men3m/repo/install/myrobot/share/myrobot
[1.292s] copying launch/gz_simulator_launch.py -> /home/men3m/repo/install/myrobot/share/myrobot
[1.292s] copying launch/launch.py -> /home/men3m/repo/install/myrobot/share/myrobot
[1.292s] copying urdf/Assem1.urdf -> /home/men3m/repo/install/myrobot/share/myrobot/urdf/
[1.292s] copying urdf/robot.sdf -> /home/men3m/repo/install/myrobot/share/myrobot/urdf/
[1.292s] copying world/depot.sdf -> /home/men3m/repo/install/myrobot/share/myrobot/world/
[1.292s] copying meshes/collision/lider.STL -> /home/men3m/repo/install/myrobot/share/myrobot/meshes/collision/
[1.292s] copying meshes/collision/tire4.STL -> /home/men3m/repo/install/myrobot/share/myrobot/meshes/collision/
[1.293s] copying meshes/collision/base_link.STL -> /home/men3m/repo/install/myrobot/share/myrobot/meshes/collision/
[1.293s] copying meshes/collision/tire3.STL -> /home/men3m/repo/install/myrobot/share/myrobot/meshes/collision/
[1.293s] copying meshes/collision/tire2.STL -> /home/men3m/repo/install/myrobot/share/myrobot/meshes/collision/
[1.293s] copying meshes/collision/camera.STL -> /home/men3m/repo/install/myrobot/share/myrobot/meshes/collision/
[1.295s] copying meshes/collision/tire1.STL -> /home/men3m/repo/install/myrobot/share/myrobot/meshes/collision/
[1.296s] copying meshes/visual/lider.STL -> /home/men3m/repo/install/myrobot/share/myrobot/meshes/visual/
[1.296s] copying meshes/visual/tire4.STL -> /home/men3m/repo/install/myrobot/share/myrobot/meshes/visual/
[1.296s] copying meshes/visual/base_link.STL -> /home/men3m/repo/install/myrobot/share/myrobot/meshes/visual/
[1.296s] copying meshes/visual/tire3.STL -> /home/men3m/repo/install/myrobot/share/myrobot/meshes/visual/
[1.296s] copying meshes/visual/tire2.STL -> /home/men3m/repo/install/myrobot/share/myrobot/meshes/visual/
[1.296s] copying meshes/visual/camera.STL -> /home/men3m/repo/install/myrobot/share/myrobot/meshes/visual/
[1.299s] copying meshes/visual/tire1.STL -> /home/men3m/repo/install/myrobot/share/myrobot/meshes/visual/
[1.299s] copying config/gz_bridge.yaml -> /home/men3m/repo/install/myrobot/share/myrobot/config/
[1.299s] running install_egg_info
[1.300s] Copying ../../build/myrobot/myrobot.egg-info to /home/men3m/repo/install/myrobot/lib/python3.10/site-packages/myrobot-0.0.0-py3.10.egg-info
[1.300s] running install_scripts
[1.315s] writing list of installed files to '/home/men3m/repo/build/myrobot/install.log'
[1.333s] Invoked command in '/home/men3m/repo/src/myrobot' returned '0': PYTHONPATH=/home/men3m/repo/build/myrobot/prefix_override:/usr/lib/python3/dist-packages/colcon_core/task/python/colcon_distutils_commands:/home/men3m/repo/install/myrobot/lib/python3.10/site-packages:${PYTHONPATH} /usr/bin/python3 -W ignore:setup.py install is deprecated -W ignore:easy_install command is deprecated setup.py egg_info --egg-base ../../build/myrobot build --build-base /home/men3m/repo/build/myrobot/build install --record /home/men3m/repo/build/myrobot/install.log --single-version-externally-managed install_data --force
