/home/men3m/repo/install/myrobot/lib/python3.10/site-packages/myrobot/__init__.py
/home/men3m/repo/install/myrobot/lib/python3.10/site-packages/myrobot/__pycache__/__init__.cpython-310.pyc
/home/men3m/repo/install/myrobot/share/ament_index/resource_index/packages/myrobot
/home/men3m/repo/install/myrobot/share/myrobot/package.xml
/home/men3m/repo/install/myrobot/share/myrobot/gz_simulator_launch.py
/home/men3m/repo/install/myrobot/share/myrobot/launch.py
/home/men3m/repo/install/myrobot/share/myrobot/urdf/Assem1.urdf
/home/men3m/repo/install/myrobot/share/myrobot/urdf/robot.sdf
/home/men3m/repo/install/myrobot/share/myrobot/world/depot.sdf
/home/men3m/repo/install/myrobot/share/myrobot/rviz/
/home/men3m/repo/install/myrobot/share/myrobot/meshes/collision/lider.STL
/home/men3m/repo/install/myrobot/share/myrobot/meshes/collision/tire4.STL
/home/men3m/repo/install/myrobot/share/myrobot/meshes/collision/base_link.STL
/home/men3m/repo/install/myrobot/share/myrobot/meshes/collision/tire3.STL
/home/men3m/repo/install/myrobot/share/myrobot/meshes/collision/tire2.STL
/home/men3m/repo/install/myrobot/share/myrobot/meshes/collision/camera.STL
/home/men3m/repo/install/myrobot/share/myrobot/meshes/collision/tire1.STL
/home/men3m/repo/install/myrobot/share/myrobot/meshes/visual/lider.STL
/home/men3m/repo/install/myrobot/share/myrobot/meshes/visual/tire4.STL
/home/men3m/repo/install/myrobot/share/myrobot/meshes/visual/base_link.STL
/home/men3m/repo/install/myrobot/share/myrobot/meshes/visual/tire3.STL
/home/men3m/repo/install/myrobot/share/myrobot/meshes/visual/tire2.STL
/home/men3m/repo/install/myrobot/share/myrobot/meshes/visual/camera.STL
/home/men3m/repo/install/myrobot/share/myrobot/meshes/visual/tire1.STL
/home/men3m/repo/install/myrobot/share/myrobot/config/gz_bridge.yaml
/home/men3m/repo/install/myrobot/lib/python3.10/site-packages/myrobot-0.0.0-py3.10.egg-info/dependency_links.txt
/home/men3m/repo/install/myrobot/lib/python3.10/site-packages/myrobot-0.0.0-py3.10.egg-info/top_level.txt
/home/men3m/repo/install/myrobot/lib/python3.10/site-packages/myrobot-0.0.0-py3.10.egg-info/entry_points.txt
/home/men3m/repo/install/myrobot/lib/python3.10/site-packages/myrobot-0.0.0-py3.10.egg-info/zip-safe
/home/men3m/repo/install/myrobot/lib/python3.10/site-packages/myrobot-0.0.0-py3.10.egg-info/requires.txt
/home/men3m/repo/install/myrobot/lib/python3.10/site-packages/myrobot-0.0.0-py3.10.egg-info/SOURCES.txt
/home/men3m/repo/install/myrobot/lib/python3.10/site-packages/myrobot-0.0.0-py3.10.egg-info/PKG-INFO
