[0.143s] DEBUG:colcon:Command line arguments: ['/usr/bin/colcon', 'list', '-p', '--base-paths', '/home/wageh/repo']
[0.143s] DEBUG:colcon:Parsed command line arguments: Namespace(log_base=None, log_level=None, verb_name='list', build_base='build', ignore_user_meta=False, metas=['./colcon.meta'], base_paths=['/home/wageh/repo'], packages_ignore=None, packages_ignore_regex=None, paths=None, packages_up_to=None, packages_up_to_regex=None, packages_above=None, packages_above_and_dependencies=None, packages_above_depth=None, packages_select_by_dep=None, packages_skip_by_dep=None, packages_skip_up_to=None, packages_select_build_failed=False, packages_skip_build_finished=False, packages_select_test_failures=False, packages_skip_test_passed=False, packages_select=None, packages_skip=None, packages_select_regex=None, packages_skip_regex=None, packages_start=None, packages_end=None, allow_overriding=[], topological_order=False, names_only=False, paths_only=True, topological_graph=False, topological_graph_dot=False, topological_graph_density=False, topological_graph_legend=False, topological_graph_dot_cluster=False, topological_graph_dot_include_skipped=False, verb_parser=<colcon_defaults.argument_parser.defaults.DefaultArgumentsDecorator object at 0x7baa1d859780>, verb_extension=<colcon_package_information.verb.list.ListVerb object at 0x7baa1d858910>, main=<bound method ListVerb.main of <colcon_package_information.verb.list.ListVerb object at 0x7baa1d858910>>)
[0.310s] Level 1:colcon.colcon_core.package_discovery:discover_packages(colcon_meta) check parameters
[0.310s] Level 1:colcon.colcon_core.package_discovery:discover_packages(recursive) check parameters
[0.310s] Level 1:colcon.colcon_core.package_discovery:discover_packages(ignore) check parameters
[0.310s] Level 1:colcon.colcon_core.package_discovery:discover_packages(path) check parameters
[0.310s] Level 1:colcon.colcon_core.package_discovery:discover_packages(recursive) discover
[0.311s] INFO:colcon.colcon_core.package_discovery:Crawling recursively for packages in '/home/wageh/repo'
[0.311s] Level 1:colcon.colcon_core.package_identification:_identify(/home/wageh/repo) by extensions ['ignore', 'ignore_ament_install']
[0.311s] Level 1:colcon.colcon_core.package_identification:_identify(/home/wageh/repo) by extension 'ignore'
[0.311s] Level 1:colcon.colcon_core.package_identification:_identify(/home/wageh/repo) by extension 'ignore_ament_install'
[0.311s] Level 1:colcon.colcon_core.package_identification:_identify(/home/wageh/repo) by extensions ['colcon_pkg']
[0.311s] Level 1:colcon.colcon_core.package_identification:_identify(/home/wageh/repo) by extension 'colcon_pkg'
[0.311s] Level 1:colcon.colcon_core.package_identification:_identify(/home/wageh/repo) by extensions ['colcon_meta']
[0.311s] Level 1:colcon.colcon_core.package_identification:_identify(/home/wageh/repo) by extension 'colcon_meta'
[0.311s] Level 1:colcon.colcon_core.package_identification:_identify(/home/wageh/repo) by extensions ['ros']
[0.311s] Level 1:colcon.colcon_core.package_identification:_identify(/home/wageh/repo) by extension 'ros'
[0.336s] Level 1:colcon.colcon_core.package_identification:_identify(/home/wageh/repo) by extensions ['cmake', 'python']
[0.336s] Level 1:colcon.colcon_core.package_identification:_identify(/home/wageh/repo) by extension 'cmake'
[0.337s] Level 1:colcon.colcon_core.package_identification:_identify(/home/wageh/repo) by extension 'python'
[0.337s] Level 1:colcon.colcon_core.package_identification:_identify(/home/wageh/repo) by extensions ['python_setup_py']
[0.337s] Level 1:colcon.colcon_core.package_identification:_identify(/home/wageh/repo) by extension 'python_setup_py'
[0.337s] Level 1:colcon.colcon_core.package_identification:_identify(/home/wageh/repo/build) by extensions ['ignore', 'ignore_ament_install']
[0.337s] Level 1:colcon.colcon_core.package_identification:_identify(/home/wageh/repo/build) by extension 'ignore'
[0.337s] Level 1:colcon.colcon_core.package_identification:_identify(/home/wageh/repo/build) ignored
[0.337s] Level 1:colcon.colcon_core.package_identification:_identify(/home/wageh/repo/install) by extensions ['ignore', 'ignore_ament_install']
[0.337s] Level 1:colcon.colcon_core.package_identification:_identify(/home/wageh/repo/install) by extension 'ignore'
[0.337s] Level 1:colcon.colcon_core.package_identification:_identify(/home/wageh/repo/install) ignored
[0.337s] Level 1:colcon.colcon_core.package_identification:_identify(/home/wageh/repo/log) by extensions ['ignore', 'ignore_ament_install']
[0.338s] Level 1:colcon.colcon_core.package_identification:_identify(/home/wageh/repo/log) by extension 'ignore'
[0.338s] Level 1:colcon.colcon_core.package_identification:_identify(/home/wageh/repo/log) ignored
[0.338s] Level 1:colcon.colcon_core.package_identification:_identify(/home/wageh/repo/src) by extensions ['ignore', 'ignore_ament_install']
[0.338s] Level 1:colcon.colcon_core.package_identification:_identify(/home/wageh/repo/src) by extension 'ignore'
[0.338s] Level 1:colcon.colcon_core.package_identification:_identify(/home/wageh/repo/src) by extension 'ignore_ament_install'
[0.338s] Level 1:colcon.colcon_core.package_identification:_identify(/home/wageh/repo/src) by extensions ['colcon_pkg']
[0.338s] Level 1:colcon.colcon_core.package_identification:_identify(/home/wageh/repo/src) by extension 'colcon_pkg'
[0.338s] Level 1:colcon.colcon_core.package_identification:_identify(/home/wageh/repo/src) by extensions ['colcon_meta']
[0.338s] Level 1:colcon.colcon_core.package_identification:_identify(/home/wageh/repo/src) by extension 'colcon_meta'
[0.338s] Level 1:colcon.colcon_core.package_identification:_identify(/home/wageh/repo/src) by extensions ['ros']
[0.338s] Level 1:colcon.colcon_core.package_identification:_identify(/home/wageh/repo/src) by extension 'ros'
[0.338s] Level 1:colcon.colcon_core.package_identification:_identify(/home/wageh/repo/src) by extensions ['cmake', 'python']
[0.338s] Level 1:colcon.colcon_core.package_identification:_identify(/home/wageh/repo/src) by extension 'cmake'
[0.338s] Level 1:colcon.colcon_core.package_identification:_identify(/home/wageh/repo/src) by extension 'python'
[0.338s] Level 1:colcon.colcon_core.package_identification:_identify(/home/wageh/repo/src) by extensions ['python_setup_py']
[0.338s] Level 1:colcon.colcon_core.package_identification:_identify(/home/wageh/repo/src) by extension 'python_setup_py'
[0.339s] Level 1:colcon.colcon_core.package_identification:_identify(/home/wageh/repo/src/myrobot) by extensions ['ignore', 'ignore_ament_install']
[0.339s] Level 1:colcon.colcon_core.package_identification:_identify(/home/wageh/repo/src/myrobot) by extension 'ignore'
[0.339s] Level 1:colcon.colcon_core.package_identification:_identify(/home/wageh/repo/src/myrobot) by extension 'ignore_ament_install'
[0.339s] Level 1:colcon.colcon_core.package_identification:_identify(/home/wageh/repo/src/myrobot) by extensions ['colcon_pkg']
[0.339s] Level 1:colcon.colcon_core.package_identification:_identify(/home/wageh/repo/src/myrobot) by extension 'colcon_pkg'
[0.339s] Level 1:colcon.colcon_core.package_identification:_identify(/home/wageh/repo/src/myrobot) by extensions ['colcon_meta']
[0.339s] Level 1:colcon.colcon_core.package_identification:_identify(/home/wageh/repo/src/myrobot) by extension 'colcon_meta'
[0.339s] Level 1:colcon.colcon_core.package_identification:_identify(/home/wageh/repo/src/myrobot) by extensions ['ros']
[0.339s] Level 1:colcon.colcon_core.package_identification:_identify(/home/wageh/repo/src/myrobot) by extension 'ros'
[0.341s] DEBUG:colcon.colcon_core.package_identification:Package '/home/wageh/repo/src/myrobot' with type 'ros.ament_python' and name 'myrobot'
[0.341s] Level 1:colcon.colcon_core.package_discovery:discover_packages(recursive) using defaults
